\BOOKMARK [1][-]{section.1}{\376\377\000D\000e\000f\000i\000n\000i\000t\000i\000o\000n\000\040\000o\000f\000\040\134\360\136\246\000\040\000\050\000K\000u\000r\000t\000o\000s\000i\000s\000\051\000\040\000\046\000\040\120\117\136\246\000\040\000\050\000S\000k\000e\000w\000n\000e\000s\000s\000\051}{}% 1
\BOOKMARK [2][-]{subsection.1.1}{\376\377\000K\000u\000r\000t\000o\000s\000i\000s\000\040\000\050\000K\000\051}{section.1}% 2
\BOOKMARK [2][-]{subsection.1.2}{\376\377\000S\000k\000e\000w\000n\000e\000s\000s\000\040\000\050\000S\000\051}{section.1}% 3
\BOOKMARK [2][-]{subsection.1.3}{\376\377\000S\000u\000m\000m\000a\000r\000y\000\040\000T\000a\000b\000l\000e}{section.1}% 4
\BOOKMARK [2][-]{subsection.1.4}{\376\377\116\055\145\207\217\205\122\251\213\260\137\306\160\271}{section.1}% 5
\BOOKMARK [1][-]{section.2}{\376\377\000B\000i\000a\000s\040\023\000V\000a\000r\000i\000a\000n\000c\000e\000\040\000T\000r\000a\000d\000e\000o\000f\000f}{}% 6
\BOOKMARK [1][-]{section.3}{\376\377\000C\000h\000o\000o\000s\000i\000n\000g\000\040\000a\000\040\000L\000o\000s\000s\000\040\000F\000u\000n\000c\000t\000i\000o\000n\000\040\000f\000o\000r\000\040\000a\000\040\000R\000a\000n\000k\000i\000n\000g\000\040\000M\000o\000d\000e\000l}{}% 7
\BOOKMARK [1][-]{section.4}{\376\377\000F\000e\000a\000t\000u\000r\000e\000\040\000L\000e\000a\000k\000a\000g\000e\000\040\000a\000n\000d\000\040\000H\000o\000w\000\040\000t\000o\000\040\000D\000e\000t\000e\000c\000t\000\040\000I\000t}{}% 8
\BOOKMARK [1][-]{section.5}{\376\377\000H\000a\000n\000d\000l\000i\000n\000g\000\040\000C\000o\000l\000d\000-\000S\000t\000a\000r\000t\000\040\000P\000r\000o\000b\000l\000e\000m\000s\000\040\000i\000n\000\040\000R\000e\000c\000o\000m\000m\000e\000n\000d\000a\000t\000i\000o\000n\000\040\000S\000y\000s\000t\000e\000m\000s}{}% 9
\BOOKMARK [1][-]{section.6}{\376\377\000E\000v\000a\000l\000u\000a\000t\000i\000n\000g\000\040\000R\000a\000n\000k\000i\000n\000g\000\040\000M\000o\000d\000e\000l\000s}{}% 10
\BOOKMARK [1][-]{section.7}{\376\377\000D\000e\000s\000i\000g\000n\000i\000n\000g\000\040\000F\000e\000a\000t\000u\000r\000e\000s\000\040\000f\000o\000r\000\040\000U\000s\000e\000r\000\040\000B\000e\000h\000a\000v\000i\000o\000r\000\040\000L\000o\000g\000s}{}% 11
\BOOKMARK [1][-]{section.8}{\376\377\000H\000a\000n\000d\000l\000i\000n\000g\000\040\000L\000a\000r\000g\000e\000\040\000C\000a\000t\000e\000g\000o\000r\000i\000c\000a\000l\000\040\000F\000e\000a\000t\000u\000r\000e\000s}{}% 12
\BOOKMARK [1][-]{section.9}{\376\377\000H\000a\000n\000d\000l\000i\000n\000g\000\040\000M\000o\000d\000e\000l\000s\000\040\000t\000h\000a\000t\000\040\000P\000e\000r\000f\000o\000r\000m\000\040\000P\000o\000o\000r\000l\000y\000\040\000O\000n\000l\000i\000n\000e\000\040\000D\000e\000s\000p\000i\000t\000e\000\040\000G\000o\000o\000d\000\040\000T\000r\000a\000i\000n\000i\000n\000g}{}% 13
\BOOKMARK [1][-]{section.10}{\376\377\000M\000o\000n\000i\000t\000o\000r\000i\000n\000g\000\040\000M\000o\000d\000e\000l\000\040\000D\000e\000g\000r\000a\000d\000a\000t\000i\000o\000n\000\040\000o\000r\000\040\000D\000r\000i\000f\000t\000\040\000i\000n\000\040\000P\000r\000o\000d\000u\000c\000t\000i\000o\000n}{}% 14
\BOOKMARK [1][-]{section.11}{\376\377\000D\000e\000s\000i\000g\000n\000i\000n\000g\000\040\000a\000n\000d\000\040\000I\000n\000t\000e\000r\000p\000r\000e\000t\000i\000n\000g\000\040\000a\000n\000\040\000A\000/\000B\000\040\000T\000e\000s\000t\000\040\000f\000o\000r\000\040\000a\000\040\000R\000e\000c\000o\000m\000m\000e\000n\000d\000a\000t\000i\000o\000n\000\040\000M\000o\000d\000e\000l}{}% 15
\BOOKMARK [1][-]{section.12}{\376\377\000P\000-\000t\000e\000s\000t\000\040\000a\000n\000d\000\040\000Z\000-\000t\000e\000s\000t\000\040\000D\000e\000f\000i\000n\000i\000t\000i\000o\000n\000s\000\040\000a\000n\000d\000\040\000R\000e\000l\000a\000t\000i\000o\000n\000s\000h\000i\000p}{}% 16
\BOOKMARK [2][-]{subsection.12.1}{\376\377\000Z\000-\000t\000e\000s\000t}{section.12}% 17
\BOOKMARK [2][-]{subsection.12.2}{\376\377\000P\000-\000v\000a\000l\000u\000e\000\040\000\050\000P\000-\000t\000e\000s\000t\000\051}{section.12}% 18
\BOOKMARK [2][-]{subsection.12.3}{\376\377\000R\000e\000l\000a\000t\000i\000o\000n\000s\000h\000i\000p\000\040\000b\000e\000t\000w\000e\000e\000n\000\040\000Z\000-\000t\000e\000s\000t\000\040\000a\000n\000d\000\040\000P\000-\000v\000a\000l\000u\000e}{section.12}% 19
\BOOKMARK [2][-]{subsection.12.4}{\376\377\116\055\145\207\121\163\225\056\213\315\217\205\122\251\213\260\137\306}{section.12}% 20
\BOOKMARK [1][-]{section.13}{\376\377\000H\000a\000n\000d\000l\000i\000n\000g\000\040\000P\000o\000p\000u\000l\000a\000r\000i\000t\000y\000\040\000B\000i\000a\000s\000\040\000i\000n\000\040\000R\000e\000c\000o\000m\000m\000e\000n\000d\000a\000t\000i\000o\000n\000\040\000S\000y\000s\000t\000e\000m\000s}{}% 21
\BOOKMARK [1][-]{section.14}{\376\377\000F\000e\000a\000t\000u\000r\000e\000\040\000S\000e\000l\000e\000c\000t\000i\000o\000n\000\040\000M\000e\000t\000h\000o\000d\000s}{}% 22
\BOOKMARK [1][-]{section.15}{\376\377\000C\000o\000l\000l\000a\000b\000o\000r\000a\000t\000i\000v\000e\000\040\000F\000i\000l\000t\000e\000r\000i\000n\000g\000\040\000v\000s\000.\000\040\000M\000a\000t\000r\000i\000x\000\040\000F\000a\000c\000t\000o\000r\000i\000z\000a\000t\000i\000o\000n}{}% 23
\BOOKMARK [1][-]{section.16}{\376\377\000C\000o\000m\000b\000i\000n\000i\000n\000g\000\040\000O\000f\000f\000l\000i\000n\000e\000\040\000a\000n\000d\000\040\000O\000n\000l\000i\000n\000e\000\040\000E\000v\000a\000l\000u\000a\000t\000i\000o\000n\000\040\000f\000o\000r\000\040\000P\000e\000r\000s\000o\000n\000a\000l\000i\000z\000a\000t\000i\000o\000n\000\040\000M\000o\000d\000e\000l\000s}{}% 24
\BOOKMARK [1][-]{section.17}{\376\377\000C\000o\000m\000m\000o\000n\000\040\000S\000o\000u\000r\000c\000e\000s\000\040\000o\000f\000\040\000D\000a\000t\000a\000\040\000L\000e\000a\000k\000a\000g\000e\000\040\000i\000n\000\040\000U\000s\000e\000r\000\040\000E\000n\000g\000a\000g\000e\000m\000e\000n\000t\000\040\000D\000a\000t\000a}{}% 25
\BOOKMARK [1][-]{section.18}{\376\377\000D\000e\000s\000i\000g\000n\000i\000n\000g\000\040\000a\000\040\000H\000y\000b\000r\000i\000d\000\040\000R\000e\000c\000o\000m\000m\000e\000n\000d\000e\000r}{}% 26
\BOOKMARK [1][-]{section.19}{\376\377\000R\000e\000g\000u\000l\000a\000r\000i\000z\000a\000t\000i\000o\000n\000\040\000a\000n\000d\000\040\000I\000t\000s\000\040\000I\000m\000p\000o\000r\000t\000a\000n\000c\000e}{}% 27
\BOOKMARK [1][-]{section.20}{\376\377\000H\000a\000n\000d\000l\000i\000n\000g\000\040\000M\000i\000s\000s\000i\000n\000g\000\040\000o\000r\000\040\000N\000o\000i\000s\000y\000\040\000D\000a\000t\000a\000\040\000i\000n\000\040\000B\000e\000h\000a\000v\000i\000o\000r\000a\000l\000\040\000D\000a\000t\000a\000s\000e\000t\000s}{}% 28
\BOOKMARK [1][-]{section.21}{\376\377\000C\000o\000m\000m\000o\000n\000\040\000R\000e\000c\000o\000m\000m\000e\000n\000d\000a\000t\000i\000o\000n\000\040\000A\000l\000g\000o\000r\000i\000t\000h\000m\000s}{}% 29
\BOOKMARK [1][-]{section.22}{\376\377\000C\000o\000l\000d\000-\000S\000t\000a\000r\000t\000\040\000U\000s\000e\000r\000\040\000R\000e\000c\000o\000m\000m\000e\000n\000d\000a\000t\000i\000o\000n\000\040\000S\000t\000r\000a\000t\000e\000g\000i\000e\000s}{}% 30
\BOOKMARK [1][-]{section.23}{\376\377\000H\000y\000p\000e\000r\000p\000a\000r\000a\000m\000e\000t\000e\000r\000\040\000O\000p\000t\000i\000m\000i\000z\000a\000t\000i\000o\000n\000\040\000f\000o\000r\000\040\000R\000a\000n\000d\000o\000m\000\040\000F\000o\000r\000e\000s\000t\000\040\000a\000n\000d\000\040\000X\000G\000B\000o\000o\000s\000t}{}% 31
